<?xml version="1.0" encoding="utf-8"?>
<coverage line-rate="0.5186" branch-rate="0.6203" version="1.9" timestamp="1605716689" lines-covered="764" lines-valid="1473" branches-covered="165" branches-valid="266">
  <sources>
    <source>C:\Users\Roger\Documents\GitHub\TrafficDataBackEndAPI\TrafficDataBackEndAPI.BackEndApi\TrafficDataBackEndAPI.BackEndApi\</source>
  </sources>
  <packages>
    <package name="TrafficDataBackEndAPI.BackEndApi" line-rate="0.5186" branch-rate="0.6203" complexity="368">
      <classes>
        <class name="TrafficDataBackEndAPI.BackEndApi.InitializationOptions" filename="InitializationOptions.cs" line-rate="0" branch-rate="1" complexity="2">
          <methods>
            <method name="get_SeedDatabase" signature="()" line-rate="0" branch-rate="1" complexity="1">
              <lines>
                <line number="5" hits="0" branch="False" />
              </lines>
            </method>
            <method name=".ctor" signature="()" line-rate="0" branch-rate="1" complexity="1">
              <lines>
                <line number="7" hits="0" branch="False" />
                <line number="8" hits="0" branch="False" />
                <line number="9" hits="0" branch="False" />
                <line number="10" hits="0" branch="False" />
              </lines>
            </method>
          </methods>
          <lines>
            <line number="5" hits="0" branch="False" />
            <line number="7" hits="0" branch="False" />
            <line number="8" hits="0" branch="False" />
            <line number="9" hits="0" branch="False" />
            <line number="10" hits="0" branch="False" />
          </lines>
        </class>
        <class name="TrafficDataBackEndAPI.BackEndApi.Program" filename="Program.cs" line-rate="0" branch-rate="1" complexity="3">
          <methods>
            <method name="Main" signature="(System.String[])" line-rate="0" branch-rate="1" complexity="1">
              <lines>
                <line number="12" hits="0" branch="False" />
                <line number="13" hits="0" branch="False" />
                <line number="14" hits="0" branch="False" />
                <line number="16" hits="0" branch="False" />
                <line number="17" hits="0" branch="False" />
                <line number="18" hits="0" branch="False" />
                <line number="19" hits="0" branch="False" />
                <line number="20" hits="0" branch="False" />
                <line number="22" hits="0" branch="False" />
                <line number="23" hits="0" branch="False" />
              </lines>
            </method>
            <method name="CreateHostBuilder" signature="(System.String[])" line-rate="0" branch-rate="1" complexity="1">
              <lines>
                <line number="26" hits="0" branch="False" />
                <line number="27" hits="0" branch="False" />
                <line number="28" hits="0" branch="False" />
                <line number="29" hits="0" branch="False" />
                <line number="30" hits="0" branch="False" />
              </lines>
            </method>
            <method name="InitializeWebHostBuilder" signature="(Microsoft.AspNetCore.Hosting.IWebHostBuilder)" line-rate="0" branch-rate="1" complexity="1">
              <lines>
                <line number="33" hits="0" branch="False" />
                <line number="34" hits="0" branch="False" />
                <line number="35" hits="0" branch="False" />
              </lines>
            </method>
          </methods>
          <lines>
            <line number="12" hits="0" branch="False" />
            <line number="13" hits="0" branch="False" />
            <line number="14" hits="0" branch="False" />
            <line number="16" hits="0" branch="False" />
            <line number="17" hits="0" branch="False" />
            <line number="18" hits="0" branch="False" />
            <line number="19" hits="0" branch="False" />
            <line number="20" hits="0" branch="False" />
            <line number="22" hits="0" branch="False" />
            <line number="23" hits="0" branch="False" />
            <line number="26" hits="0" branch="False" />
            <line number="27" hits="0" branch="False" />
            <line number="28" hits="0" branch="False" />
            <line number="29" hits="0" branch="False" />
            <line number="30" hits="0" branch="False" />
            <line number="33" hits="0" branch="False" />
            <line number="34" hits="0" branch="False" />
            <line number="35" hits="0" branch="False" />
          </lines>
        </class>
        <class name="TrafficDataBackEndAPI.BackEndApi.Startup" filename="Startup.cs" line-rate="0" branch-rate="0" complexity="6">
          <methods>
            <method name="get_configuration" signature="()" line-rate="0" branch-rate="1" complexity="1">
              <lines>
                <line number="19" hits="0" branch="False" />
              </lines>
            </method>
            <method name="ConfigureServices" signature="(Microsoft.Extensions.DependencyInjection.IServiceCollection)" line-rate="0" branch-rate="0" complexity="2">
              <lines>
                <line number="27" hits="0" branch="False" />
                <line number="28" hits="0" branch="False" />
                <line number="29" hits="0" branch="False" />
                <line number="31" hits="0" branch="False" />
                <line number="32" hits="0" branch="False" />
                <line number="34" hits="0" branch="False" />
                <line number="35" hits="0" branch="False" />
                <line number="36" hits="0" branch="False" />
                <line number="37" hits="0" branch="False" />
                <line number="38" hits="0" branch="False" />
                <line number="39" hits="0" branch="False" />
                <line number="40" hits="0" branch="False" />
                <line number="41" hits="0" branch="False" />
                <line number="43" hits="0" branch="False" />
                <line number="44" hits="0" branch="False" />
                <line number="45" hits="0" branch="False" />
                <line number="47" hits="0" branch="False" />
                <line number="48" hits="0" branch="True" condition-coverage="0% (0/2)">
                  <conditions>
                    <condition number="14" type="jump" coverage="0%" />
                  </conditions>
                </line>
                <line number="49" hits="0" branch="False" />
                <line number="50" hits="0" branch="False" />
                <line number="51" hits="0" branch="False" />
                <line number="52" hits="0" branch="False" />
                <line number="53" hits="0" branch="False" />
                <line number="54" hits="0" branch="False" />
              </lines>
            </method>
            <method name="Configure" signature="(Microsoft.AspNetCore.Builder.IApplicationBuilder,Microsoft.AspNetCore.Hosting.IWebHostEnvironment)" line-rate="0" branch-rate="0" complexity="2">
              <lines>
                <line number="57" hits="0" branch="False" />
                <line number="58" hits="0" branch="False" />
                <line number="60" hits="0" branch="True" condition-coverage="0% (0/2)">
                  <conditions>
                    <condition number="21" type="jump" coverage="0%" />
                  </conditions>
                </line>
                <line number="61" hits="0" branch="False" />
                <line number="63" hits="0" branch="False" />
                <line number="65" hits="0" branch="False" />
                <line number="67" hits="0" branch="False" />
                <line number="69" hits="0" branch="False" />
                <line number="71" hits="0" branch="False" />
                <line number="72" hits="0" branch="False" />
                <line number="73" hits="0" branch="False" />
                <line number="74" hits="0" branch="False" />
                <line number="75" hits="0" branch="False" />
              </lines>
            </method>
            <method name=".ctor" signature="(Microsoft.Extensions.Configuration.IConfiguration)" line-rate="0" branch-rate="1" complexity="1">
              <lines>
                <line number="21" hits="0" branch="False" />
                <line number="22" hits="0" branch="False" />
                <line number="23" hits="0" branch="False" />
                <line number="24" hits="0" branch="False" />
              </lines>
            </method>
          </methods>
          <lines>
            <line number="19" hits="0" branch="False" />
            <line number="27" hits="0" branch="False" />
            <line number="28" hits="0" branch="False" />
            <line number="29" hits="0" branch="False" />
            <line number="31" hits="0" branch="False" />
            <line number="32" hits="0" branch="False" />
            <line number="34" hits="0" branch="False" />
            <line number="35" hits="0" branch="False" />
            <line number="36" hits="0" branch="False" />
            <line number="37" hits="0" branch="False" />
            <line number="38" hits="0" branch="False" />
            <line number="39" hits="0" branch="False" />
            <line number="40" hits="0" branch="False" />
            <line number="41" hits="0" branch="False" />
            <line number="43" hits="0" branch="False" />
            <line number="44" hits="0" branch="False" />
            <line number="45" hits="0" branch="False" />
            <line number="47" hits="0" branch="False" />
            <line number="48" hits="0" branch="True" condition-coverage="0% (0/2)">
              <conditions>
                <condition number="14" type="jump" coverage="0%" />
              </conditions>
            </line>
            <line number="49" hits="0" branch="False" />
            <line number="50" hits="0" branch="False" />
            <line number="51" hits="0" branch="False" />
            <line number="52" hits="0" branch="False" />
            <line number="53" hits="0" branch="False" />
            <line number="54" hits="0" branch="False" />
            <line number="57" hits="0" branch="False" />
            <line number="58" hits="0" branch="False" />
            <line number="60" hits="0" branch="True" condition-coverage="0% (0/2)">
              <conditions>
                <condition number="21" type="jump" coverage="0%" />
              </conditions>
            </line>
            <line number="61" hits="0" branch="False" />
            <line number="63" hits="0" branch="False" />
            <line number="65" hits="0" branch="False" />
            <line number="67" hits="0" branch="False" />
            <line number="69" hits="0" branch="False" />
            <line number="71" hits="0" branch="False" />
            <line number="72" hits="0" branch="False" />
            <line number="73" hits="0" branch="False" />
            <line number="74" hits="0" branch="False" />
            <line number="75" hits="0" branch="False" />
            <line number="21" hits="0" branch="False" />
            <line number="22" hits="0" branch="False" />
            <line number="23" hits="0" branch="False" />
            <line number="24" hits="0" branch="False" />
          </lines>
        </class>
        <class name="TrafficDataBackEndAPI.BackEndApi.Util.HttpClientDownloader" filename="Util\HttpClientDownloader.cs" line-rate="1" branch-rate="1" complexity="1">
          <methods>
            <method name=".ctor" signature="(System.Net.Http.HttpClient)" line-rate="1" branch-rate="1" complexity="1">
              <lines>
                <line number="12" hits="34" branch="False" />
                <line number="13" hits="34" branch="False" />
                <line number="14" hits="34" branch="False" />
                <line number="15" hits="34" branch="False" />
              </lines>
            </method>
          </methods>
          <lines>
            <line number="12" hits="34" branch="False" />
            <line number="13" hits="34" branch="False" />
            <line number="14" hits="34" branch="False" />
            <line number="15" hits="34" branch="False" />
          </lines>
        </class>
        <class name="TrafficDataBackEndAPI.BackEndApi.Util.HttpClientDownloader/&lt;DownloadFile&gt;d__2" filename="Util\HttpClientDownloader.cs" line-rate="0.9375" branch-rate="0.7" complexity="20">
          <methods>
            <method name="MoveNext" signature="()" line-rate="0.9375" branch-rate="0.7" complexity="20">
              <lines>
                <line number="18" hits="63" branch="False" />
                <line number="20" hits="63" branch="False" />
                <line number="21" hits="63" branch="False" />
                <line number="22" hits="63" branch="False" />
                <line number="23" hits="43" branch="False" />
                <line number="24" hits="43" branch="False" />
                <line number="25" hits="43" branch="False" />
                <line number="26" hits="20" branch="False" />
                <line number="27" hits="3" branch="False" />
                <line number="28" hits="3" branch="True" condition-coverage="70% (14/20)">
                  <conditions>
                    <condition number="488" type="jump" coverage="100%" />
                    <condition number="519" type="jump" coverage="50%" />
                    <condition number="608" type="jump" coverage="100%" />
                    <condition number="621" type="jump" coverage="50%" />
                    <condition number="650" type="jump" coverage="50%" />
                    <condition number="704" type="jump" coverage="100%" />
                    <condition number="735" type="jump" coverage="50%" />
                    <condition number="824" type="jump" coverage="100%" />
                    <condition number="837" type="jump" coverage="50%" />
                    <condition number="866" type="jump" coverage="50%" />
                  </conditions>
                </line>
                <line number="29" hits="0" branch="False" />
                <line number="30" hits="60" branch="False" />
                <line number="31" hits="60" branch="False" />
                <line number="32" hits="60" branch="False" />
                <line number="33" hits="60" branch="False" />
                <line number="35" hits="63" branch="False" />
              </lines>
            </method>
          </methods>
          <lines>
            <line number="18" hits="63" branch="False" />
            <line number="20" hits="63" branch="False" />
            <line number="21" hits="63" branch="False" />
            <line number="22" hits="63" branch="False" />
            <line number="23" hits="43" branch="False" />
            <line number="24" hits="43" branch="False" />
            <line number="25" hits="43" branch="False" />
            <line number="26" hits="20" branch="False" />
            <line number="27" hits="3" branch="False" />
            <line number="28" hits="3" branch="True" condition-coverage="70% (14/20)">
              <conditions>
                <condition number="488" type="jump" coverage="100%" />
                <condition number="519" type="jump" coverage="50%" />
                <condition number="608" type="jump" coverage="100%" />
                <condition number="621" type="jump" coverage="50%" />
                <condition number="650" type="jump" coverage="50%" />
                <condition number="704" type="jump" coverage="100%" />
                <condition number="735" type="jump" coverage="50%" />
                <condition number="824" type="jump" coverage="100%" />
                <condition number="837" type="jump" coverage="50%" />
                <condition number="866" type="jump" coverage="50%" />
              </conditions>
            </line>
            <line number="29" hits="0" branch="False" />
            <line number="30" hits="60" branch="False" />
            <line number="31" hits="60" branch="False" />
            <line number="32" hits="60" branch="False" />
            <line number="33" hits="60" branch="False" />
            <line number="35" hits="63" branch="False" />
          </lines>
        </class>
        <class name="TrafficDataBackEndAPI.BackEndApi.Util.State" filename="Util\State.cs" line-rate="0.36840000000000006" branch-rate="0.25" complexity="8">
          <methods>
            <method name="ConvertToString" signature="(System.Int32)" line-rate="0.36840000000000006" branch-rate="0.25" complexity="8">
              <lines>
                <line number="15" hits="1" branch="False" />
                <line number="16" hits="1" branch="False" />
                <line number="17" hits="1" branch="True" condition-coverage="25% (2/8)">
                  <conditions>
                    <condition number="12" type="switch" coverage="25%" />
                  </conditions>
                </line>
                <line number="20" hits="0" branch="False" />
                <line number="21" hits="0" branch="False" />
                <line number="23" hits="0" branch="False" />
                <line number="24" hits="0" branch="False" />
                <line number="26" hits="1" branch="False" />
                <line number="27" hits="1" branch="False" />
                <line number="29" hits="0" branch="False" />
                <line number="30" hits="0" branch="False" />
                <line number="32" hits="0" branch="False" />
                <line number="33" hits="0" branch="False" />
                <line number="35" hits="0" branch="False" />
                <line number="36" hits="0" branch="False" />
                <line number="38" hits="0" branch="False" />
                <line number="39" hits="0" branch="False" />
                <line number="41" hits="1" branch="False" />
                <line number="42" hits="1" branch="False" />
              </lines>
            </method>
          </methods>
          <lines>
            <line number="15" hits="1" branch="False" />
            <line number="16" hits="1" branch="False" />
            <line number="17" hits="1" branch="True" condition-coverage="25% (2/8)">
              <conditions>
                <condition number="12" type="switch" coverage="25%" />
              </conditions>
            </line>
            <line number="20" hits="0" branch="False" />
            <line number="21" hits="0" branch="False" />
            <line number="23" hits="0" branch="False" />
            <line number="24" hits="0" branch="False" />
            <line number="26" hits="1" branch="False" />
            <line number="27" hits="1" branch="False" />
            <line number="29" hits="0" branch="False" />
            <line number="30" hits="0" branch="False" />
            <line number="32" hits="0" branch="False" />
            <line number="33" hits="0" branch="False" />
            <line number="35" hits="0" branch="False" />
            <line number="36" hits="0" branch="False" />
            <line number="38" hits="0" branch="False" />
            <line number="39" hits="0" branch="False" />
            <line number="41" hits="1" branch="False" />
            <line number="42" hits="1" branch="False" />
          </lines>
        </class>
        <class name="TrafficDataBackEndAPI.BackEndApi.Util.UserAction" filename="Util\UserAction.cs" line-rate="0" branch-rate="1" complexity="1">
          <methods>
            <method name="get_Tag" signature="()" line-rate="0" branch-rate="1" complexity="1">
              <lines>
                <line number="6" hits="0" branch="False" />
              </lines>
            </method>
          </methods>
          <lines>
            <line number="6" hits="0" branch="False" />
          </lines>
        </class>
        <class name="TrafficDataBackEndAPI.BackEndApi.Services.MeasurementPointService" filename="Services\MeasurementPointService.cs" line-rate="0.9756" branch-rate="1" complexity="11">
          <methods>
            <method name="GetMeasurementPointsSync" signature="()" line-rate="1" branch-rate="1" complexity="1">
              <lines>
                <line number="31" hits="16" branch="False" />
                <line number="32" hits="16" branch="False" />
                <line number="33" hits="16" branch="False" />
                <line number="34" hits="16" branch="False" />
                <line number="35" hits="16" branch="False" />
              </lines>
            </method>
            <method name="GetMeasurementPointSync" signature="(System.Int32)" line-rate="1" branch-rate="1" complexity="1">
              <lines>
                <line number="44" hits="2" branch="False" />
                <line number="45" hits="2" branch="False" />
                <line number="46" hits="4" branch="False" />
                <line number="47" hits="1" branch="False" />
              </lines>
            </method>
            <method name="AddMeasurementPoints" signature="(System.Collections.Generic.IEnumerable`1&lt;TrafficDataBackEndAPI.BackEndApi.Models.MeasurementPoint&gt;)" line-rate="0.909" branch-rate="1" complexity="4">
              <lines>
                <line number="59" hits="2" branch="False" />
                <line number="60" hits="22" branch="True" condition-coverage="100% (2/2)">
                  <conditions>
                    <condition number="92" type="jump" coverage="100%" />
                  </conditions>
                </line>
                <line number="61" hits="8" branch="False" />
                <line number="62" hits="0" branch="True" condition-coverage="100% (2/2)">
                  <conditions>
                    <condition number="63" type="jump" coverage="100%" />
                  </conditions>
                </line>
                <line number="63" hits="8" branch="False" />
                <line number="64" hits="8" branch="False" />
                <line number="65" hits="8" branch="False" />
                <line number="66" hits="8" branch="False" />
                <line number="67" hits="2" branch="False" />
                <line number="68" hits="2" branch="False" />
                <line number="69" hits="2" branch="False" />
              </lines>
            </method>
            <method name="UpdateMeasurementPointList_AddTrafficData" signature="(System.Collections.Generic.IEnumerable`1&lt;TrafficDataBackEndAPI.BackEndApi.DTO.TrafficData&gt;)" line-rate="1" branch-rate="1" complexity="4">
              <lines>
                <line number="86" hits="1" branch="False" />
                <line number="87" hits="11" branch="True" condition-coverage="100% (2/2)">
                  <conditions>
                    <condition number="110" type="jump" coverage="100%" />
                  </conditions>
                </line>
                <line number="88" hits="4" branch="False" />
                <line number="89" hits="4" branch="False" />
                <line number="90" hits="20" branch="False" />
                <line number="91" hits="4" branch="False" />
                <line number="93" hits="4" branch="True" condition-coverage="100% (2/2)">
                  <conditions>
                    <condition number="65" type="jump" coverage="100%" />
                  </conditions>
                </line>
                <line number="94" hits="4" branch="False" />
                <line number="95" hits="4" branch="False" />
                <line number="96" hits="4" branch="False" />
                <line number="97" hits="4" branch="False" />
                <line number="98" hits="4" branch="False" />
                <line number="99" hits="4" branch="False" />
                <line number="101" hits="1" branch="False" />
                <line number="102" hits="1" branch="False" />
                <line number="103" hits="1" branch="False" />
              </lines>
            </method>
            <method name=".ctor" signature="(TrafficDataBackEndAPI.BackEndApi.Data.Context,AutoMapper.IMapper)" line-rate="1" branch-rate="1" complexity="1">
              <lines>
                <line number="17" hits="32" branch="False" />
                <line number="18" hits="32" branch="False" />
                <line number="19" hits="32" branch="False" />
                <line number="20" hits="32" branch="False" />
                <line number="21" hits="32" branch="False" />
              </lines>
            </method>
          </methods>
          <lines>
            <line number="31" hits="16" branch="False" />
            <line number="32" hits="16" branch="False" />
            <line number="33" hits="16" branch="False" />
            <line number="34" hits="16" branch="False" />
            <line number="35" hits="16" branch="False" />
            <line number="44" hits="2" branch="False" />
            <line number="45" hits="2" branch="False" />
            <line number="46" hits="4" branch="False" />
            <line number="47" hits="1" branch="False" />
            <line number="59" hits="2" branch="False" />
            <line number="60" hits="22" branch="True" condition-coverage="100% (2/2)">
              <conditions>
                <condition number="92" type="jump" coverage="100%" />
              </conditions>
            </line>
            <line number="61" hits="8" branch="False" />
            <line number="62" hits="0" branch="True" condition-coverage="100% (2/2)">
              <conditions>
                <condition number="63" type="jump" coverage="100%" />
              </conditions>
            </line>
            <line number="63" hits="8" branch="False" />
            <line number="64" hits="8" branch="False" />
            <line number="65" hits="8" branch="False" />
            <line number="66" hits="8" branch="False" />
            <line number="67" hits="2" branch="False" />
            <line number="68" hits="2" branch="False" />
            <line number="69" hits="2" branch="False" />
            <line number="86" hits="1" branch="False" />
            <line number="87" hits="11" branch="True" condition-coverage="100% (2/2)">
              <conditions>
                <condition number="110" type="jump" coverage="100%" />
              </conditions>
            </line>
            <line number="88" hits="4" branch="False" />
            <line number="89" hits="4" branch="False" />
            <line number="90" hits="20" branch="False" />
            <line number="91" hits="4" branch="False" />
            <line number="93" hits="4" branch="True" condition-coverage="100% (2/2)">
              <conditions>
                <condition number="65" type="jump" coverage="100%" />
              </conditions>
            </line>
            <line number="94" hits="4" branch="False" />
            <line number="95" hits="4" branch="False" />
            <line number="96" hits="4" branch="False" />
            <line number="97" hits="4" branch="False" />
            <line number="98" hits="4" branch="False" />
            <line number="99" hits="4" branch="False" />
            <line number="101" hits="1" branch="False" />
            <line number="102" hits="1" branch="False" />
            <line number="103" hits="1" branch="False" />
            <line number="17" hits="32" branch="False" />
            <line number="18" hits="32" branch="False" />
            <line number="19" hits="32" branch="False" />
            <line number="20" hits="32" branch="False" />
            <line number="21" hits="32" branch="False" />
          </lines>
        </class>
        <class name="TrafficDataBackEndAPI.BackEndApi.Services.MeasurementPointService/&lt;GetMeasurementPoints&gt;d__3" filename="Services\MeasurementPointService.cs" line-rate="1" branch-rate="1" complexity="1">
          <methods>
            <method name="MoveNext" signature="()" line-rate="1" branch-rate="1" complexity="1">
              <lines>
                <line number="24" hits="13" branch="False" />
                <line number="25" hits="13" branch="False" />
                <line number="26" hits="13" branch="False" />
                <line number="27" hits="13" branch="False" />
                <line number="28" hits="13" branch="False" />
              </lines>
            </method>
          </methods>
          <lines>
            <line number="24" hits="13" branch="False" />
            <line number="25" hits="13" branch="False" />
            <line number="26" hits="13" branch="False" />
            <line number="27" hits="13" branch="False" />
            <line number="28" hits="13" branch="False" />
          </lines>
        </class>
        <class name="TrafficDataBackEndAPI.BackEndApi.Services.MeasurementPointService/&lt;&gt;c__DisplayClass5_0" filename="Services\MeasurementPointService.cs" line-rate="1" branch-rate="1" complexity="1">
          <methods>
            <method name="&lt;GetMeasurementPoint&gt;b__0" signature="(TrafficDataBackEndAPI.BackEndApi.Models.MeasurementPoint)" line-rate="1" branch-rate="1" complexity="1">
              <lines>
                <line number="40" hits="23" branch="False" />
              </lines>
            </method>
          </methods>
          <lines>
            <line number="40" hits="23" branch="False" />
          </lines>
        </class>
        <class name="TrafficDataBackEndAPI.BackEndApi.Services.MeasurementPointService/&lt;GetMeasurementPoint&gt;d__5" filename="Services\MeasurementPointService.cs" line-rate="1" branch-rate="1" complexity="1">
          <methods>
            <method name="MoveNext" signature="()" line-rate="1" branch-rate="1" complexity="1">
              <lines>
                <line number="38" hits="12" branch="False" />
                <line number="39" hits="12" branch="False" />
                <line number="41" hits="6" branch="False" />
              </lines>
            </method>
          </methods>
          <lines>
            <line number="38" hits="12" branch="False" />
            <line number="39" hits="12" branch="False" />
            <line number="41" hits="6" branch="False" />
          </lines>
        </class>
        <class name="TrafficDataBackEndAPI.BackEndApi.Services.MeasurementPointService/&lt;AddMeasurementPoint&gt;d__7" filename="Services\MeasurementPointService.cs" line-rate="1" branch-rate="0.5" complexity="2">
          <methods>
            <method name="MoveNext" signature="()" line-rate="1" branch-rate="0.5" complexity="2">
              <lines>
                <line number="50" hits="22" branch="False" />
                <line number="51" hits="22" branch="True" condition-coverage="50% (1/2)">
                  <conditions>
                    <condition number="79" type="jump" coverage="50%" />
                  </conditions>
                </line>
                <line number="52" hits="22" branch="False" />
                <line number="53" hits="22" branch="False" />
                <line number="54" hits="22" branch="False" />
              </lines>
            </method>
          </methods>
          <lines>
            <line number="50" hits="22" branch="False" />
            <line number="51" hits="22" branch="True" condition-coverage="50% (1/2)">
              <conditions>
                <condition number="79" type="jump" coverage="50%" />
              </conditions>
            </line>
            <line number="52" hits="22" branch="False" />
            <line number="53" hits="22" branch="False" />
            <line number="54" hits="22" branch="False" />
          </lines>
        </class>
        <class name="TrafficDataBackEndAPI.BackEndApi.Services.MeasurementPointService/&lt;UpdateMeasurementPoint&gt;d__9" filename="Services\MeasurementPointService.cs" line-rate="1" branch-rate="1" complexity="1">
          <methods>
            <method name="MoveNext" signature="()" line-rate="1" branch-rate="1" complexity="1">
              <lines>
                <line number="72" hits="2" branch="False" />
                <line number="73" hits="2" branch="False" />
                <line number="75" hits="1" branch="False" />
                <line number="76" hits="1" branch="False" />
                <line number="77" hits="1" branch="False" />
                <line number="79" hits="1" branch="False" />
                <line number="80" hits="1" branch="False" />
                <line number="81" hits="1" branch="False" />
              </lines>
            </method>
          </methods>
          <lines>
            <line number="72" hits="2" branch="False" />
            <line number="73" hits="2" branch="False" />
            <line number="75" hits="1" branch="False" />
            <line number="76" hits="1" branch="False" />
            <line number="77" hits="1" branch="False" />
            <line number="79" hits="1" branch="False" />
            <line number="80" hits="1" branch="False" />
            <line number="81" hits="1" branch="False" />
          </lines>
        </class>
        <class name="TrafficDataBackEndAPI.BackEndApi.Services.MeasurementPointService/&lt;DeleteMeasurementPoint&gt;d__11" filename="Services\MeasurementPointService.cs" line-rate="1" branch-rate="1" complexity="1">
          <methods>
            <method name="MoveNext" signature="()" line-rate="1" branch-rate="1" complexity="1">
              <lines>
                <line number="106" hits="2" branch="False" />
                <line number="107" hits="2" branch="False" />
                <line number="108" hits="1" branch="False" />
                <line number="109" hits="1" branch="False" />
                <line number="110" hits="1" branch="False" />
              </lines>
            </method>
          </methods>
          <lines>
            <line number="106" hits="2" branch="False" />
            <line number="107" hits="2" branch="False" />
            <line number="108" hits="1" branch="False" />
            <line number="109" hits="1" branch="False" />
            <line number="110" hits="1" branch="False" />
          </lines>
        </class>
        <class name="TrafficDataBackEndAPI.BackEndApi.Services.MetadataService" filename="Services\MetadataService.cs" line-rate="1" branch-rate="1" complexity="2">
          <methods>
            <method name="GetMetadata" signature="()" line-rate="1" branch-rate="1" complexity="1">
              <lines>
                <line number="23" hits="2" branch="False" />
                <line number="24" hits="2" branch="False" />
                <line number="25" hits="2" branch="False" />
              </lines>
            </method>
            <method name=".ctor" signature="(TrafficDataBackEndAPI.BackEndApi.Data.Context)" line-rate="1" branch-rate="1" complexity="1">
              <lines>
                <line number="17" hits="4" branch="False" />
                <line number="18" hits="4" branch="False" />
                <line number="19" hits="4" branch="False" />
                <line number="20" hits="4" branch="False" />
              </lines>
            </method>
          </methods>
          <lines>
            <line number="23" hits="2" branch="False" />
            <line number="24" hits="2" branch="False" />
            <line number="25" hits="2" branch="False" />
            <line number="17" hits="4" branch="False" />
            <line number="18" hits="4" branch="False" />
            <line number="19" hits="4" branch="False" />
            <line number="20" hits="4" branch="False" />
          </lines>
        </class>
        <class name="TrafficDataBackEndAPI.BackEndApi.Services.MetadataService/&lt;UpdateMetadata&gt;d__4" filename="Services\MetadataService.cs" line-rate="1" branch-rate="0.75" complexity="4">
          <methods>
            <method name="MoveNext" signature="()" line-rate="1" branch-rate="0.75" complexity="4">
              <lines>
                <line number="28" hits="3" branch="False" />
                <line number="29" hits="3" branch="True" condition-coverage="75% (3/4)">
                  <conditions>
                    <condition number="22" type="jump" coverage="50%" />
                    <condition number="38" type="jump" coverage="100%" />
                  </conditions>
                </line>
                <line number="30" hits="1" branch="False" />
                <line number="33" hits="2" branch="False" />
                <line number="34" hits="2" branch="False" />
                <line number="35" hits="1" branch="False" />
                <line number="36" hits="1" branch="False" />
                <line number="37" hits="1" branch="False" />
                <line number="39" hits="1" branch="False" />
                <line number="40" hits="1" branch="False" />
                <line number="41" hits="1" branch="False" />
                <line number="43" hits="1" branch="False" />
              </lines>
            </method>
          </methods>
          <lines>
            <line number="28" hits="3" branch="False" />
            <line number="29" hits="3" branch="True" condition-coverage="75% (3/4)">
              <conditions>
                <condition number="22" type="jump" coverage="50%" />
                <condition number="38" type="jump" coverage="100%" />
              </conditions>
            </line>
            <line number="30" hits="1" branch="False" />
            <line number="33" hits="2" branch="False" />
            <line number="34" hits="2" branch="False" />
            <line number="35" hits="1" branch="False" />
            <line number="36" hits="1" branch="False" />
            <line number="37" hits="1" branch="False" />
            <line number="39" hits="1" branch="False" />
            <line number="40" hits="1" branch="False" />
            <line number="41" hits="1" branch="False" />
            <line number="43" hits="1" branch="False" />
          </lines>
        </class>
        <class name="TrafficDataBackEndAPI.BackEndApi.Services.TrafficDataService" filename="Services\TrafficDataService.cs" line-rate="1" branch-rate="1" complexity="1">
          <methods>
            <method name=".ctor" signature="(TrafficDataBackEndAPI.BackEndApi.Data.Context,TrafficDataBackEndAPI.BackEndApi.Interfaces.IMeasurementPointService)" line-rate="1" branch-rate="1" complexity="1">
              <lines>
                <line number="18" hits="19" branch="False" />
                <line number="19" hits="19" branch="False" />
                <line number="20" hits="19" branch="False" />
                <line number="21" hits="19" branch="False" />
                <line number="22" hits="19" branch="False" />
              </lines>
            </method>
          </methods>
          <lines>
            <line number="18" hits="19" branch="False" />
            <line number="19" hits="19" branch="False" />
            <line number="20" hits="19" branch="False" />
            <line number="21" hits="19" branch="False" />
            <line number="22" hits="19" branch="False" />
          </lines>
        </class>
        <class name="TrafficDataBackEndAPI.BackEndApi.Services.TrafficDataService/&lt;GetAllTrafficData&gt;d__4" filename="Services\TrafficDataService.cs" line-rate="1" branch-rate="1" complexity="1">
          <methods>
            <method name="MoveNext" signature="()" line-rate="1" branch-rate="1" complexity="1">
              <lines>
                <line number="25" hits="17" branch="False" />
                <line number="26" hits="17" branch="False" />
                <line number="27" hits="17" branch="False" />
              </lines>
            </method>
          </methods>
          <lines>
            <line number="25" hits="17" branch="False" />
            <line number="26" hits="17" branch="False" />
            <line number="27" hits="17" branch="False" />
          </lines>
        </class>
        <class name="TrafficDataBackEndAPI.BackEndApi.Services.TrafficDataService/&lt;GetTrafficDataByMeasurementPointId&gt;d__5" filename="Services\TrafficDataService.cs" line-rate="1" branch-rate="1" complexity="1">
          <methods>
            <method name="MoveNext" signature="()" line-rate="1" branch-rate="1" complexity="1">
              <lines>
                <line number="31" hits="2" branch="False" />
                <line number="32" hits="2" branch="False" />
                <line number="33" hits="1" branch="False" />
                <line number="34" hits="1" branch="False" />
              </lines>
            </method>
          </methods>
          <lines>
            <line number="31" hits="2" branch="False" />
            <line number="32" hits="2" branch="False" />
            <line number="33" hits="1" branch="False" />
            <line number="34" hits="1" branch="False" />
          </lines>
        </class>
        <class name="TrafficDataBackEndAPI.BackEndApi.Services.TrafficDataService/&lt;&gt;c__DisplayClass6_0" filename="Services\TrafficDataService.cs" line-rate="1" branch-rate="1" complexity="2">
          <methods>
            <method name="&lt;GetTrafficDataTimeInterval&gt;b__0" signature="(TrafficDataBackEndAPI.BackEndApi.Models.TrafficData)" line-rate="1" branch-rate="1" complexity="1">
              <lines>
                <line number="43" hits="6" branch="False" />
              </lines>
            </method>
            <method name="&lt;GetTrafficDataTimeInterval&gt;b__1" signature="(TrafficDataBackEndAPI.BackEndApi.Models.TrafficData)" line-rate="1" branch-rate="1" complexity="1">
              <lines>
                <line number="44" hits="6" branch="False" />
              </lines>
            </method>
          </methods>
          <lines>
            <line number="43" hits="6" branch="False" />
            <line number="44" hits="6" branch="False" />
          </lines>
        </class>
        <class name="TrafficDataBackEndAPI.BackEndApi.Services.TrafficDataService/&lt;GetTrafficDataTimeInterval&gt;d__6" filename="Services\TrafficDataService.cs" line-rate="1" branch-rate="1" complexity="2">
          <methods>
            <method name="MoveNext" signature="()" line-rate="1" branch-rate="1" complexity="2">
              <lines>
                <line number="37" hits="2" branch="False" />
                <line number="38" hits="2" branch="True" condition-coverage="100% (2/2)">
                  <conditions>
                    <condition number="92" type="jump" coverage="100%" />
                  </conditions>
                </line>
                <line number="39" hits="1" branch="False" />
                <line number="41" hits="1" branch="False" />
                <line number="42" hits="1" branch="False" />
                <line number="45" hits="1" branch="False" />
                <line number="46" hits="1" branch="False" />
                <line number="47" hits="1" branch="False" />
              </lines>
            </method>
          </methods>
          <lines>
            <line number="37" hits="2" branch="False" />
            <line number="38" hits="2" branch="True" condition-coverage="100% (2/2)">
              <conditions>
                <condition number="92" type="jump" coverage="100%" />
              </conditions>
            </line>
            <line number="39" hits="1" branch="False" />
            <line number="41" hits="1" branch="False" />
            <line number="42" hits="1" branch="False" />
            <line number="45" hits="1" branch="False" />
            <line number="46" hits="1" branch="False" />
            <line number="47" hits="1" branch="False" />
          </lines>
        </class>
        <class name="TrafficDataBackEndAPI.BackEndApi.Services.TrafficDataService/&lt;&gt;c__DisplayClass7_0" filename="Services\TrafficDataService.cs" line-rate="1" branch-rate="1" complexity="2">
          <methods>
            <method name="&lt;GetTrafficDataTimeIntervalByMeasurementPointId&gt;b__0" signature="(TrafficDataBackEndAPI.BackEndApi.Models.TrafficData)" line-rate="1" branch-rate="1" complexity="1">
              <lines>
                <line number="58" hits="6" branch="False" />
              </lines>
            </method>
            <method name="&lt;GetTrafficDataTimeIntervalByMeasurementPointId&gt;b__1" signature="(TrafficDataBackEndAPI.BackEndApi.Models.TrafficData)" line-rate="1" branch-rate="1" complexity="1">
              <lines>
                <line number="59" hits="6" branch="False" />
              </lines>
            </method>
          </methods>
          <lines>
            <line number="58" hits="6" branch="False" />
            <line number="59" hits="6" branch="False" />
          </lines>
        </class>
        <class name="TrafficDataBackEndAPI.BackEndApi.Services.TrafficDataService/&lt;GetTrafficDataTimeIntervalByMeasurementPointId&gt;d__7" filename="Services\TrafficDataService.cs" line-rate="1" branch-rate="1" complexity="2">
          <methods>
            <method name="MoveNext" signature="()" line-rate="1" branch-rate="1" complexity="2">
              <lines>
                <line number="51" hits="3" branch="False" />
                <line number="52" hits="3" branch="True" condition-coverage="100% (2/2)">
                  <conditions>
                    <condition number="92" type="jump" coverage="100%" />
                  </conditions>
                </line>
                <line number="53" hits="1" branch="False" />
                <line number="55" hits="2" branch="False" />
                <line number="56" hits="1" branch="False" />
                <line number="57" hits="1" branch="False" />
                <line number="60" hits="1" branch="False" />
                <line number="61" hits="1" branch="False" />
                <line number="62" hits="1" branch="False" />
              </lines>
            </method>
          </methods>
          <lines>
            <line number="51" hits="3" branch="False" />
            <line number="52" hits="3" branch="True" condition-coverage="100% (2/2)">
              <conditions>
                <condition number="92" type="jump" coverage="100%" />
              </conditions>
            </line>
            <line number="53" hits="1" branch="False" />
            <line number="55" hits="2" branch="False" />
            <line number="56" hits="1" branch="False" />
            <line number="57" hits="1" branch="False" />
            <line number="60" hits="1" branch="False" />
            <line number="61" hits="1" branch="False" />
            <line number="62" hits="1" branch="False" />
          </lines>
        </class>
        <class name="TrafficDataBackEndAPI.BackEndApi.Services.TrafficDataService/&lt;AddTrafficDataRow&gt;d__8" filename="Services\TrafficDataService.cs" line-rate="1" branch-rate="0.5" complexity="2">
          <methods>
            <method name="MoveNext" signature="()" line-rate="1" branch-rate="0.5" complexity="2">
              <lines>
                <line number="65" hits="7" branch="False" />
                <line number="66" hits="7" branch="True" condition-coverage="50% (1/2)">
                  <conditions>
                    <condition number="79" type="jump" coverage="50%" />
                  </conditions>
                </line>
                <line number="67" hits="7" branch="False" />
                <line number="68" hits="7" branch="False" />
                <line number="69" hits="7" branch="False" />
              </lines>
            </method>
          </methods>
          <lines>
            <line number="65" hits="7" branch="False" />
            <line number="66" hits="7" branch="True" condition-coverage="50% (1/2)">
              <conditions>
                <condition number="79" type="jump" coverage="50%" />
              </conditions>
            </line>
            <line number="67" hits="7" branch="False" />
            <line number="68" hits="7" branch="False" />
            <line number="69" hits="7" branch="False" />
          </lines>
        </class>
        <class name="TrafficDataBackEndAPI.BackEndApi.Services.TrafficDataService/&lt;AddTrafficData&gt;d__9" filename="Services\TrafficDataService.cs" line-rate="1" branch-rate="1" complexity="1">
          <methods>
            <method name="MoveNext" signature="()" line-rate="1" branch-rate="1" complexity="1">
              <lines>
                <line number="72" hits="12" branch="False" />
                <line number="73" hits="12" branch="False" />
                <line number="74" hits="12" branch="False" />
                <line number="75" hits="12" branch="False" />
                <line number="76" hits="12" branch="False" />
              </lines>
            </method>
          </methods>
          <lines>
            <line number="72" hits="12" branch="False" />
            <line number="73" hits="12" branch="False" />
            <line number="74" hits="12" branch="False" />
            <line number="75" hits="12" branch="False" />
            <line number="76" hits="12" branch="False" />
          </lines>
        </class>
        <class name="TrafficDataBackEndAPI.BackEndApi.Services.TrafficDataService/&lt;&gt;c__DisplayClass10_0" filename="Services\TrafficDataService.cs" line-rate="1" branch-rate="1" complexity="1">
          <methods>
            <method name="&lt;UpdateTrafficDataRow&gt;b__0" signature="(TrafficDataBackEndAPI.BackEndApi.Models.TrafficData)" line-rate="1" branch-rate="1" complexity="1">
              <lines>
                <line number="81" hits="4" branch="False" />
              </lines>
            </method>
          </methods>
          <lines>
            <line number="81" hits="4" branch="False" />
          </lines>
        </class>
        <class name="TrafficDataBackEndAPI.BackEndApi.Services.TrafficDataService/&lt;UpdateTrafficDataRow&gt;d__10" filename="Services\TrafficDataService.cs" line-rate="1" branch-rate="1" complexity="2">
          <methods>
            <method name="MoveNext" signature="()" line-rate="1" branch-rate="1" complexity="2">
              <lines>
                <line number="79" hits="2" branch="False" />
                <line number="80" hits="2" branch="False" />
                <line number="83" hits="2" branch="True" condition-coverage="100% (2/2)">
                  <conditions>
                    <condition number="231" type="jump" coverage="100%" />
                  </conditions>
                </line>
                <line number="84" hits="1" branch="False" />
                <line number="86" hits="1" branch="False" />
                <line number="87" hits="1" branch="False" />
                <line number="88" hits="1" branch="False" />
                <line number="90" hits="1" branch="False" />
                <line number="91" hits="1" branch="False" />
                <line number="92" hits="1" branch="False" />
              </lines>
            </method>
          </methods>
          <lines>
            <line number="79" hits="2" branch="False" />
            <line number="80" hits="2" branch="False" />
            <line number="83" hits="2" branch="True" condition-coverage="100% (2/2)">
              <conditions>
                <condition number="231" type="jump" coverage="100%" />
              </conditions>
            </line>
            <line number="84" hits="1" branch="False" />
            <line number="86" hits="1" branch="False" />
            <line number="87" hits="1" branch="False" />
            <line number="88" hits="1" branch="False" />
            <line number="90" hits="1" branch="False" />
            <line number="91" hits="1" branch="False" />
            <line number="92" hits="1" branch="False" />
          </lines>
        </class>
        <class name="TrafficDataBackEndAPI.BackEndApi.Services.TrafficDataService/&lt;&gt;c__DisplayClass11_0" filename="Services\TrafficDataService.cs" line-rate="1" branch-rate="1" complexity="1">
          <methods>
            <method name="&lt;UpdateTrafficData&gt;b__0" signature="(TrafficDataBackEndAPI.BackEndApi.Models.TrafficData)" line-rate="1" branch-rate="1" complexity="1">
              <lines>
                <line number="99" hits="36" branch="False" />
              </lines>
            </method>
          </methods>
          <lines>
            <line number="99" hits="36" branch="False" />
          </lines>
        </class>
        <class name="TrafficDataBackEndAPI.BackEndApi.Services.TrafficDataService/&lt;UpdateTrafficData&gt;d__11" filename="Services\TrafficDataService.cs" line-rate="1" branch-rate="1" complexity="4">
          <methods>
            <method name="MoveNext" signature="()" line-rate="1" branch-rate="1" complexity="4">
              <lines>
                <line number="95" hits="2" branch="False" />
                <line number="96" hits="2" branch="False" />
                <line number="97" hits="17" branch="True" condition-coverage="100% (2/2)">
                  <conditions>
                    <condition number="378" type="jump" coverage="100%" />
                  </conditions>
                </line>
                <line number="98" hits="6" branch="False" />
                <line number="101" hits="6" branch="True" condition-coverage="100% (2/2)">
                  <conditions>
                    <condition number="260" type="jump" coverage="100%" />
                  </conditions>
                </line>
                <line number="102" hits="1" branch="False" />
                <line number="104" hits="5" branch="False" />
                <line number="105" hits="5" branch="False" />
                <line number="106" hits="5" branch="False" />
                <line number="107" hits="5" branch="False" />
                <line number="108" hits="1" branch="False" />
                <line number="109" hits="1" branch="False" />
                <line number="110" hits="1" branch="False" />
              </lines>
            </method>
          </methods>
          <lines>
            <line number="95" hits="2" branch="False" />
            <line number="96" hits="2" branch="False" />
            <line number="97" hits="17" branch="True" condition-coverage="100% (2/2)">
              <conditions>
                <condition number="378" type="jump" coverage="100%" />
              </conditions>
            </line>
            <line number="98" hits="6" branch="False" />
            <line number="101" hits="6" branch="True" condition-coverage="100% (2/2)">
              <conditions>
                <condition number="260" type="jump" coverage="100%" />
              </conditions>
            </line>
            <line number="102" hits="1" branch="False" />
            <line number="104" hits="5" branch="False" />
            <line number="105" hits="5" branch="False" />
            <line number="106" hits="5" branch="False" />
            <line number="107" hits="5" branch="False" />
            <line number="108" hits="1" branch="False" />
            <line number="109" hits="1" branch="False" />
            <line number="110" hits="1" branch="False" />
          </lines>
        </class>
        <class name="TrafficDataBackEndAPI.BackEndApi.Services.TrafficDataService/&lt;&gt;c__DisplayClass12_0" filename="Services\TrafficDataService.cs" line-rate="1" branch-rate="1" complexity="1">
          <methods>
            <method name="&lt;DeleteTrafficDataRow&gt;b__0" signature="(TrafficDataBackEndAPI.BackEndApi.Models.TrafficData)" line-rate="1" branch-rate="1" complexity="1">
              <lines>
                <line number="115" hits="4" branch="False" />
              </lines>
            </method>
          </methods>
          <lines>
            <line number="115" hits="4" branch="False" />
          </lines>
        </class>
        <class name="TrafficDataBackEndAPI.BackEndApi.Services.TrafficDataService/&lt;DeleteTrafficDataRow&gt;d__12" filename="Services\TrafficDataService.cs" line-rate="1" branch-rate="1" complexity="2">
          <methods>
            <method name="MoveNext" signature="()" line-rate="1" branch-rate="1" complexity="2">
              <lines>
                <line number="113" hits="2" branch="False" />
                <line number="114" hits="2" branch="False" />
                <line number="117" hits="2" branch="True" condition-coverage="100% (2/2)">
                  <conditions>
                    <condition number="229" type="jump" coverage="100%" />
                  </conditions>
                </line>
                <line number="118" hits="1" branch="False" />
                <line number="120" hits="1" branch="False" />
                <line number="121" hits="1" branch="False" />
                <line number="122" hits="1" branch="False" />
              </lines>
            </method>
          </methods>
          <lines>
            <line number="113" hits="2" branch="False" />
            <line number="114" hits="2" branch="False" />
            <line number="117" hits="2" branch="True" condition-coverage="100% (2/2)">
              <conditions>
                <condition number="229" type="jump" coverage="100%" />
              </conditions>
            </line>
            <line number="118" hits="1" branch="False" />
            <line number="120" hits="1" branch="False" />
            <line number="121" hits="1" branch="False" />
            <line number="122" hits="1" branch="False" />
          </lines>
        </class>
        <class name="TrafficDataBackEndAPI.BackEndApi.Services.TrafficDataService/&lt;&gt;c__DisplayClass13_0" filename="Services\TrafficDataService.cs" line-rate="1" branch-rate="1" complexity="1">
          <methods>
            <method name="&lt;DeleteTrafficData&gt;b__0" signature="(TrafficDataBackEndAPI.BackEndApi.Models.TrafficData)" line-rate="1" branch-rate="1" complexity="1">
              <lines>
                <line number="129" hits="60" branch="False" />
              </lines>
            </method>
          </methods>
          <lines>
            <line number="129" hits="60" branch="False" />
          </lines>
        </class>
        <class name="TrafficDataBackEndAPI.BackEndApi.Services.TrafficDataService/&lt;DeleteTrafficData&gt;d__13" filename="Services\TrafficDataService.cs" line-rate="1" branch-rate="1" complexity="4">
          <methods>
            <method name="MoveNext" signature="()" line-rate="1" branch-rate="1" complexity="4">
              <lines>
                <line number="125" hits="2" branch="False" />
                <line number="126" hits="2" branch="False" />
                <line number="127" hits="26" branch="True" condition-coverage="100% (2/2)">
                  <conditions>
                    <condition number="306" type="jump" coverage="100%" />
                  </conditions>
                </line>
                <line number="128" hits="10" branch="False" />
                <line number="131" hits="10" branch="True" condition-coverage="100% (2/2)">
                  <conditions>
                    <condition number="255" type="jump" coverage="100%" />
                  </conditions>
                </line>
                <line number="132" hits="9" branch="False" />
                <line number="134" hits="10" branch="False" />
                <line number="135" hits="2" branch="False" />
                <line number="136" hits="2" branch="False" />
              </lines>
            </method>
          </methods>
          <lines>
            <line number="125" hits="2" branch="False" />
            <line number="126" hits="2" branch="False" />
            <line number="127" hits="26" branch="True" condition-coverage="100% (2/2)">
              <conditions>
                <condition number="306" type="jump" coverage="100%" />
              </conditions>
            </line>
            <line number="128" hits="10" branch="False" />
            <line number="131" hits="10" branch="True" condition-coverage="100% (2/2)">
              <conditions>
                <condition number="255" type="jump" coverage="100%" />
              </conditions>
            </line>
            <line number="132" hits="9" branch="False" />
            <line number="134" hits="10" branch="False" />
            <line number="135" hits="2" branch="False" />
            <line number="136" hits="2" branch="False" />
          </lines>
        </class>
        <class name="TrafficDataBackEndAPI.BackEndApi.Services.TrafficDataService/&lt;&gt;c__DisplayClass14_0" filename="Services\TrafficDataService.cs" line-rate="1" branch-rate="1" complexity="1">
          <methods>
            <method name="&lt;DeleteTrafficData&gt;b__0" signature="(TrafficDataBackEndAPI.BackEndApi.Models.TrafficData)" line-rate="1" branch-rate="1" complexity="1">
              <lines>
                <line number="142" hits="6" branch="False" />
              </lines>
            </method>
          </methods>
          <lines>
            <line number="142" hits="6" branch="False" />
          </lines>
        </class>
        <class name="TrafficDataBackEndAPI.BackEndApi.Services.TrafficDataService/&lt;DeleteTrafficData&gt;d__14" filename="Services\TrafficDataService.cs" line-rate="1" branch-rate="1" complexity="1">
          <methods>
            <method name="MoveNext" signature="()" line-rate="1" branch-rate="1" complexity="1">
              <lines>
                <line number="140" hits="1" branch="False" />
                <line number="141" hits="1" branch="False" />
                <line number="143" hits="1" branch="False" />
                <line number="144" hits="1" branch="False" />
                <line number="145" hits="1" branch="False" />
              </lines>
            </method>
          </methods>
          <lines>
            <line number="140" hits="1" branch="False" />
            <line number="141" hits="1" branch="False" />
            <line number="143" hits="1" branch="False" />
            <line number="144" hits="1" branch="False" />
            <line number="145" hits="1" branch="False" />
          </lines>
        </class>
        <class name="TrafficDataBackEndAPI.BackEndApi.Profiles.MeasurementPointProfile" filename="Profiles\MeasurementPointProfile.cs" line-rate="1" branch-rate="1" complexity="1">
          <methods>
            <method name=".ctor" signature="()" line-rate="1" branch-rate="1" complexity="1">
              <lines>
                <line number="7" hits="66" branch="False" />
                <line number="8" hits="66" branch="False" />
                <line number="9" hits="66" branch="False" />
                <line number="10" hits="66" branch="False" />
                <line number="11" hits="66" branch="False" />
              </lines>
            </method>
          </methods>
          <lines>
            <line number="7" hits="66" branch="False" />
            <line number="8" hits="66" branch="False" />
            <line number="9" hits="66" branch="False" />
            <line number="10" hits="66" branch="False" />
            <line number="11" hits="66" branch="False" />
          </lines>
        </class>
        <class name="TrafficDataBackEndAPI.BackEndApi.Profiles.TrafficDataProfile" filename="Profiles\TrafficDataProfile.cs" line-rate="1" branch-rate="1" complexity="1">
          <methods>
            <method name=".ctor" signature="()" line-rate="1" branch-rate="1" complexity="1">
              <lines>
                <line number="8" hits="66" branch="False" />
                <line number="9" hits="66" branch="False" />
                <line number="10" hits="66" branch="False" />
                <line number="11" hits="132" branch="False" />
                <line number="12" hits="132" branch="False" />
                <line number="13" hits="132" branch="False" />
                <line number="14" hits="132" branch="False" />
                <line number="15" hits="132" branch="False" />
                <line number="16" hits="66" branch="False" />
                <line number="17" hits="132" branch="False" />
                <line number="18" hits="132" branch="False" />
                <line number="19" hits="132" branch="False" />
                <line number="20" hits="132" branch="False" />
                <line number="21" hits="66" branch="False" />
              </lines>
            </method>
          </methods>
          <lines>
            <line number="8" hits="66" branch="False" />
            <line number="9" hits="66" branch="False" />
            <line number="10" hits="66" branch="False" />
            <line number="11" hits="132" branch="False" />
            <line number="12" hits="132" branch="False" />
            <line number="13" hits="132" branch="False" />
            <line number="14" hits="132" branch="False" />
            <line number="15" hits="132" branch="False" />
            <line number="16" hits="66" branch="False" />
            <line number="17" hits="132" branch="False" />
            <line number="18" hits="132" branch="False" />
            <line number="19" hits="132" branch="False" />
            <line number="20" hits="132" branch="False" />
            <line number="21" hits="66" branch="False" />
          </lines>
        </class>
        <class name="TrafficDataBackEndAPI.BackEndApi.Models.MeasurementPoint" filename="Models\MeasurementPoint.cs" line-rate="0.6666" branch-rate="0.5" complexity="10">
          <methods>
            <method name="get_Id" signature="()" line-rate="1" branch-rate="1" complexity="1">
              <lines>
                <line number="13" hits="5358" branch="False" />
              </lines>
            </method>
            <method name="get_Reference" signature="()" line-rate="1" branch-rate="1" complexity="1">
              <lines>
                <line number="14" hits="5594" branch="False" />
              </lines>
            </method>
            <method name="get_Latitude" signature="()" line-rate="1" branch-rate="1" complexity="1">
              <lines>
                <line number="15" hits="3841" branch="False" />
              </lines>
            </method>
            <method name="get_Longitude" signature="()" line-rate="1" branch-rate="1" complexity="1">
              <lines>
                <line number="16" hits="3841" branch="False" />
              </lines>
            </method>
            <method name="get_TrafficData" signature="()" line-rate="1" branch-rate="1" complexity="1">
              <lines>
                <line number="17" hits="4180" branch="False" />
              </lines>
            </method>
            <method name="Equals" signature="(System.Object)" line-rate="0.8332999999999999" branch-rate="0.5" complexity="2">
              <lines>
                <line number="20" hits="4" branch="False" />
                <line number="21" hits="4" branch="False" />
                <line number="23" hits="4" branch="True" condition-coverage="50% (1/2)">
                  <conditions>
                    <condition number="14" type="jump" coverage="50%" />
                  </conditions>
                </line>
                <line number="24" hits="0" branch="False" />
                <line number="26" hits="4" branch="False" />
                <line number="27" hits="4" branch="False" />
              </lines>
            </method>
            <method name="GetHashCode" signature="()" line-rate="0" branch-rate="1" complexity="1">
              <lines>
                <line number="30" hits="0" branch="False" />
                <line number="31" hits="0" branch="False" />
                <line number="32" hits="0" branch="False" />
              </lines>
            </method>
            <method name="ToString" signature="()" line-rate="0" branch-rate="1" complexity="1">
              <lines>
                <line number="35" hits="0" branch="False" />
                <line number="36" hits="0" branch="False" />
                <line number="37" hits="0" branch="False" />
              </lines>
            </method>
            <method name=".ctor" signature="()" line-rate="1" branch-rate="1" complexity="1">
              <lines>
                <line number="8" hits="3832" branch="False" />
                <line number="9" hits="3832" branch="False" />
                <line number="10" hits="3832" branch="False" />
                <line number="11" hits="3832" branch="False" />
              </lines>
            </method>
          </methods>
          <lines>
            <line number="13" hits="5358" branch="False" />
            <line number="14" hits="5594" branch="False" />
            <line number="15" hits="3841" branch="False" />
            <line number="16" hits="3841" branch="False" />
            <line number="17" hits="4180" branch="False" />
            <line number="20" hits="4" branch="False" />
            <line number="21" hits="4" branch="False" />
            <line number="23" hits="4" branch="True" condition-coverage="50% (1/2)">
              <conditions>
                <condition number="14" type="jump" coverage="50%" />
              </conditions>
            </line>
            <line number="24" hits="0" branch="False" />
            <line number="26" hits="4" branch="False" />
            <line number="27" hits="4" branch="False" />
            <line number="30" hits="0" branch="False" />
            <line number="31" hits="0" branch="False" />
            <line number="32" hits="0" branch="False" />
            <line number="35" hits="0" branch="False" />
            <line number="36" hits="0" branch="False" />
            <line number="37" hits="0" branch="False" />
            <line number="8" hits="3832" branch="False" />
            <line number="9" hits="3832" branch="False" />
            <line number="10" hits="3832" branch="False" />
            <line number="11" hits="3832" branch="False" />
          </lines>
        </class>
        <class name="TrafficDataBackEndAPI.BackEndApi.Models.Metadata" filename="Models\Metadata.cs" line-rate="0.5" branch-rate="1" complexity="2">
          <methods>
            <method name="get_Id" signature="()" line-rate="0" branch-rate="1" complexity="1">
              <lines>
                <line number="5" hits="0" branch="False" />
              </lines>
            </method>
            <method name="get_State" signature="()" line-rate="1" branch-rate="1" complexity="1">
              <lines>
                <line number="6" hits="11" branch="False" />
              </lines>
            </method>
          </methods>
          <lines>
            <line number="5" hits="0" branch="False" />
            <line number="6" hits="11" branch="False" />
          </lines>
        </class>
        <class name="TrafficDataBackEndAPI.BackEndApi.Models.TrafficData" filename="Models\TrafficData.cs" line-rate="0.5714" branch-rate="1" complexity="5">
          <methods>
            <method name="get_Id" signature="()" line-rate="1" branch-rate="1" complexity="1">
              <lines>
                <line number="6" hits="194" branch="False" />
              </lines>
            </method>
            <method name="get_DateTime" signature="()" line-rate="1" branch-rate="1" complexity="1">
              <lines>
                <line number="7" hits="2907" branch="False" />
              </lines>
            </method>
            <method name="get_Flow" signature="()" line-rate="1" branch-rate="1" complexity="1">
              <lines>
                <line number="8" hits="2836" branch="False" />
              </lines>
            </method>
            <method name="get_Speed" signature="()" line-rate="1" branch-rate="1" complexity="1">
              <lines>
                <line number="9" hits="2834" branch="False" />
              </lines>
            </method>
            <method name="ToString" signature="()" line-rate="0" branch-rate="1" complexity="1">
              <lines>
                <line number="12" hits="0" branch="False" />
                <line number="13" hits="0" branch="False" />
                <line number="14" hits="0" branch="False" />
              </lines>
            </method>
          </methods>
          <lines>
            <line number="6" hits="194" branch="False" />
            <line number="7" hits="2907" branch="False" />
            <line number="8" hits="2836" branch="False" />
            <line number="9" hits="2834" branch="False" />
            <line number="12" hits="0" branch="False" />
            <line number="13" hits="0" branch="False" />
            <line number="14" hits="0" branch="False" />
          </lines>
        </class>
        <class name="TrafficDataBackEndAPI.BackEndApi.Migrations.MeasurementPointModel" filename="Migrations\20200422062634_MeasurementPoint-Model.cs" line-rate="0" branch-rate="1" complexity="2">
          <methods>
            <method name="Up" signature="(Microsoft.EntityFrameworkCore.Migrations.MigrationBuilder)" line-rate="0" branch-rate="1" complexity="1">
              <lines>
                <line number="9" hits="0" branch="False" />
                <line number="10" hits="0" branch="False" />
                <line number="11" hits="0" branch="False" />
                <line number="12" hits="0" branch="False" />
                <line number="13" hits="0" branch="False" />
                <line number="14" hits="0" branch="False" />
                <line number="15" hits="0" branch="False" />
                <line number="16" hits="0" branch="False" />
                <line number="17" hits="0" branch="False" />
                <line number="18" hits="0" branch="False" />
                <line number="19" hits="0" branch="False" />
                <line number="20" hits="0" branch="False" />
                <line number="21" hits="0" branch="False" />
                <line number="22" hits="0" branch="False" />
                <line number="23" hits="0" branch="False" />
                <line number="24" hits="0" branch="False" />
              </lines>
            </method>
            <method name="Down" signature="(Microsoft.EntityFrameworkCore.Migrations.MigrationBuilder)" line-rate="0" branch-rate="1" complexity="1">
              <lines>
                <line number="27" hits="0" branch="False" />
                <line number="28" hits="0" branch="False" />
                <line number="29" hits="0" branch="False" />
                <line number="30" hits="0" branch="False" />
              </lines>
            </method>
          </methods>
          <lines>
            <line number="9" hits="0" branch="False" />
            <line number="10" hits="0" branch="False" />
            <line number="11" hits="0" branch="False" />
            <line number="12" hits="0" branch="False" />
            <line number="13" hits="0" branch="False" />
            <line number="14" hits="0" branch="False" />
            <line number="15" hits="0" branch="False" />
            <line number="16" hits="0" branch="False" />
            <line number="17" hits="0" branch="False" />
            <line number="18" hits="0" branch="False" />
            <line number="19" hits="0" branch="False" />
            <line number="20" hits="0" branch="False" />
            <line number="21" hits="0" branch="False" />
            <line number="22" hits="0" branch="False" />
            <line number="23" hits="0" branch="False" />
            <line number="24" hits="0" branch="False" />
            <line number="27" hits="0" branch="False" />
            <line number="28" hits="0" branch="False" />
            <line number="29" hits="0" branch="False" />
            <line number="30" hits="0" branch="False" />
          </lines>
        </class>
        <class name="TrafficDataBackEndAPI.BackEndApi.Migrations.TrfficDataModel" filename="Migrations\20200429112420_TrfficData-Model.cs" line-rate="0" branch-rate="1" complexity="2">
          <methods>
            <method name="Up" signature="(Microsoft.EntityFrameworkCore.Migrations.MigrationBuilder)" line-rate="0" branch-rate="1" complexity="1">
              <lines>
                <line number="10" hits="0" branch="False" />
                <line number="11" hits="0" branch="False" />
                <line number="12" hits="0" branch="False" />
                <line number="13" hits="0" branch="False" />
                <line number="14" hits="0" branch="False" />
                <line number="15" hits="0" branch="False" />
                <line number="16" hits="0" branch="False" />
                <line number="17" hits="0" branch="False" />
                <line number="18" hits="0" branch="False" />
                <line number="19" hits="0" branch="False" />
                <line number="20" hits="0" branch="False" />
                <line number="21" hits="0" branch="False" />
                <line number="22" hits="0" branch="False" />
                <line number="23" hits="0" branch="False" />
                <line number="24" hits="0" branch="False" />
                <line number="25" hits="0" branch="False" />
                <line number="26" hits="0" branch="False" />
                <line number="27" hits="0" branch="False" />
                <line number="28" hits="0" branch="False" />
                <line number="29" hits="0" branch="False" />
                <line number="30" hits="0" branch="False" />
                <line number="31" hits="0" branch="False" />
                <line number="33" hits="0" branch="False" />
                <line number="34" hits="0" branch="False" />
                <line number="35" hits="0" branch="False" />
                <line number="36" hits="0" branch="False" />
                <line number="37" hits="0" branch="False" />
              </lines>
            </method>
            <method name="Down" signature="(Microsoft.EntityFrameworkCore.Migrations.MigrationBuilder)" line-rate="0" branch-rate="1" complexity="1">
              <lines>
                <line number="40" hits="0" branch="False" />
                <line number="41" hits="0" branch="False" />
                <line number="42" hits="0" branch="False" />
                <line number="43" hits="0" branch="False" />
              </lines>
            </method>
          </methods>
          <lines>
            <line number="10" hits="0" branch="False" />
            <line number="11" hits="0" branch="False" />
            <line number="12" hits="0" branch="False" />
            <line number="13" hits="0" branch="False" />
            <line number="14" hits="0" branch="False" />
            <line number="15" hits="0" branch="False" />
            <line number="16" hits="0" branch="False" />
            <line number="17" hits="0" branch="False" />
            <line number="18" hits="0" branch="False" />
            <line number="19" hits="0" branch="False" />
            <line number="20" hits="0" branch="False" />
            <line number="21" hits="0" branch="False" />
            <line number="22" hits="0" branch="False" />
            <line number="23" hits="0" branch="False" />
            <line number="24" hits="0" branch="False" />
            <line number="25" hits="0" branch="False" />
            <line number="26" hits="0" branch="False" />
            <line number="27" hits="0" branch="False" />
            <line number="28" hits="0" branch="False" />
            <line number="29" hits="0" branch="False" />
            <line number="30" hits="0" branch="False" />
            <line number="31" hits="0" branch="False" />
            <line number="33" hits="0" branch="False" />
            <line number="34" hits="0" branch="False" />
            <line number="35" hits="0" branch="False" />
            <line number="36" hits="0" branch="False" />
            <line number="37" hits="0" branch="False" />
[...]
              <lines>
                <line number="218" hits="1" branch="False" />
                <line number="219" hits="1" branch="False" />
                <line number="220" hits="5" branch="True" condition-coverage="100% (2/2)">
                  <conditions>
                    <condition number="250" type="jump" coverage="100%" />
                  </conditions>
                </line>
                <line number="221" hits="1" branch="False" />
                <line number="222" hits="1" branch="False" />
                <line number="223" hits="1" branch="False" />
                <line number="225" hits="1" branch="False" />
                <line number="226" hits="1" branch="False" />
              </lines>
            </method>
          </methods>
          <lines>
            <line number="218" hits="1" branch="False" />
            <line number="219" hits="1" branch="False" />
            <line number="220" hits="5" branch="True" condition-coverage="100% (2/2)">
              <conditions>
                <condition number="250" type="jump" coverage="100%" />
              </conditions>
            </line>
            <line number="221" hits="1" branch="False" />
            <line number="222" hits="1" branch="False" />
            <line number="223" hits="1" branch="False" />
            <line number="225" hits="1" branch="False" />
            <line number="226" hits="1" branch="False" />
          </lines>
        </class>
        <class name="TrafficDataBackEndAPI.BackEndApi.Controllers.TrafficDataController/&lt;UpdateTrafficDataEndPoint&gt;d__17" filename="Controllers\TrafficDataController.cs" line-rate="0.826" branch-rate="0.5" complexity="6">
          <methods>
            <method name="MoveNext" signature="()" line-rate="0.826" branch-rate="0.5" complexity="6">
              <lines>
                <line number="230" hits="3" branch="False" />
                <line number="231" hits="3" branch="True" condition-coverage="50% (1/2)">
                  <conditions>
                    <condition number="37" type="jump" coverage="50%" />
                  </conditions>
                </line>
                <line number="232" hits="0" branch="False" />
                <line number="233" hits="0" branch="False" />
                <line number="237" hits="3" branch="False" />
                <line number="238" hits="3" branch="False" />
                <line number="239" hits="1" branch="False" />
                <line number="240" hits="1" branch="True" condition-coverage="50% (1/2)">
                  <conditions>
                    <condition number="255" type="jump" coverage="50%" />
                  </conditions>
                </line>
                <line number="241" hits="1" branch="False" />
                <line number="243" hits="0" branch="False" />
                <line number="245" hits="2" branch="False" />
                <line number="246" hits="2" branch="False" />
                <line number="248" hits="2" branch="False" />
                <line number="249" hits="2" branch="False" />
                <line number="250" hits="1" branch="False" />
                <line number="251" hits="1" branch="True" condition-coverage="50% (1/2)">
                  <conditions>
                    <condition number="537" type="jump" coverage="50%" />
                  </conditions>
                </line>
                <line number="252" hits="1" branch="False" />
                <line number="254" hits="0" branch="False" />
                <line number="256" hits="1" branch="False" />
                <line number="257" hits="1" branch="False" />
                <line number="258" hits="1" branch="False" />
                <line number="259" hits="1" branch="False" />
                <line number="262" hits="3" branch="False" />
              </lines>
            </method>
          </methods>
          <lines>
            <line number="230" hits="3" branch="False" />
            <line number="231" hits="3" branch="True" condition-coverage="50% (1/2)">
              <conditions>
                <condition number="37" type="jump" coverage="50%" />
              </conditions>
            </line>
            <line number="232" hits="0" branch="False" />
            <line number="233" hits="0" branch="False" />
            <line number="237" hits="3" branch="False" />
            <line number="238" hits="3" branch="False" />
            <line number="239" hits="1" branch="False" />
            <line number="240" hits="1" branch="True" condition-coverage="50% (1/2)">
              <conditions>
                <condition number="255" type="jump" coverage="50%" />
              </conditions>
            </line>
            <line number="241" hits="1" branch="False" />
            <line number="243" hits="0" branch="False" />
            <line number="245" hits="2" branch="False" />
            <line number="246" hits="2" branch="False" />
            <line number="248" hits="2" branch="False" />
            <line number="249" hits="2" branch="False" />
            <line number="250" hits="1" branch="False" />
            <line number="251" hits="1" branch="True" condition-coverage="50% (1/2)">
              <conditions>
                <condition number="537" type="jump" coverage="50%" />
              </conditions>
            </line>
            <line number="252" hits="1" branch="False" />
            <line number="254" hits="0" branch="False" />
            <line number="256" hits="1" branch="False" />
            <line number="257" hits="1" branch="False" />
            <line number="258" hits="1" branch="False" />
            <line number="259" hits="1" branch="False" />
            <line number="262" hits="3" branch="False" />
          </lines>
        </class>
        <class name="TrafficDataBackEndAPI.BackEndApi.Controllers.TrafficDataController/&lt;UpdateTrafficDataRow&gt;d__18" filename="Controllers\TrafficDataController.cs" line-rate="0.9285" branch-rate="0.5" complexity="2">
          <methods>
            <method name="MoveNext" signature="()" line-rate="0.9285" branch-rate="0.5" complexity="2">
              <lines>
                <line number="265" hits="2" branch="False" />
                <line number="266" hits="2" branch="False" />
                <line number="267" hits="2" branch="False" />
                <line number="270" hits="2" branch="True" condition-coverage="50% (1/2)">
                  <conditions>
                    <condition number="226" type="jump" coverage="50%" />
                  </conditions>
                </line>
                <line number="271" hits="2" branch="False" />
                <line number="272" hits="2" branch="False" />
                <line number="275" hits="2" branch="False" />
                <line number="276" hits="2" branch="False" />
                <line number="278" hits="2" branch="False" />
                <line number="279" hits="2" branch="False" />
                <line number="280" hits="2" branch="False" />
                <line number="281" hits="2" branch="False" />
                <line number="283" hits="0" branch="False" />
                <line number="284" hits="2" branch="False" />
              </lines>
            </method>
          </methods>
          <lines>
            <line number="265" hits="2" branch="False" />
            <line number="266" hits="2" branch="False" />
            <line number="267" hits="2" branch="False" />
            <line number="270" hits="2" branch="True" condition-coverage="50% (1/2)">
              <conditions>
                <condition number="226" type="jump" coverage="50%" />
              </conditions>
            </line>
            <line number="271" hits="2" branch="False" />
            <line number="272" hits="2" branch="False" />
            <line number="275" hits="2" branch="False" />
            <line number="276" hits="2" branch="False" />
            <line number="278" hits="2" branch="False" />
            <line number="279" hits="2" branch="False" />
            <line number="280" hits="2" branch="False" />
            <line number="281" hits="2" branch="False" />
            <line number="283" hits="0" branch="False" />
            <line number="284" hits="2" branch="False" />
          </lines>
        </class>
        <class name="TrafficDataBackEndAPI.BackEndApi.Controllers.TrafficDataController/&lt;UpdateTrafficData&gt;d__19" filename="Controllers\TrafficDataController.cs" line-rate="1" branch-rate="1" complexity="4">
          <methods>
            <method name="MoveNext" signature="()" line-rate="1" branch-rate="1" complexity="4">
              <lines>
                <line number="287" hits="1" branch="False" />
                <line number="288" hits="1" branch="False" />
                <line number="289" hits="5" branch="True" condition-coverage="100% (2/2)">
                  <conditions>
                    <condition number="265" type="jump" coverage="100%" />
                  </conditions>
                </line>
                <line number="290" hits="1" branch="False" />
                <line number="291" hits="1" branch="False" />
                <line number="292" hits="1" branch="True" condition-coverage="100% (2/2)">
                  <conditions>
                    <condition number="219" type="jump" coverage="100%" />
                  </conditions>
                </line>
                <line number="293" hits="1" branch="False" />
                <line number="294" hits="1" branch="False" />
                <line number="295" hits="1" branch="False" />
                <line number="296" hits="1" branch="False" />
              </lines>
            </method>
          </methods>
          <lines>
            <line number="287" hits="1" branch="False" />
            <line number="288" hits="1" branch="False" />
            <line number="289" hits="5" branch="True" condition-coverage="100% (2/2)">
              <conditions>
                <condition number="265" type="jump" coverage="100%" />
              </conditions>
            </line>
            <line number="290" hits="1" branch="False" />
            <line number="291" hits="1" branch="False" />
            <line number="292" hits="1" branch="True" condition-coverage="100% (2/2)">
              <conditions>
                <condition number="219" type="jump" coverage="100%" />
              </conditions>
            </line>
            <line number="293" hits="1" branch="False" />
            <line number="294" hits="1" branch="False" />
            <line number="295" hits="1" branch="False" />
            <line number="296" hits="1" branch="False" />
          </lines>
        </class>
        <class name="TrafficDataBackEndAPI.BackEndApi.Controllers.TrafficDataController/&lt;DeleteTrafficDataTimeInterval&gt;d__20" filename="Controllers\TrafficDataController.cs" line-rate="0.8181" branch-rate="1" complexity="4">
          <methods>
            <method name="MoveNext" signature="()" line-rate="0.8181" branch-rate="1" complexity="4">
              <lines>
                <line number="300" hits="2" branch="False" />
                <line number="302" hits="2" branch="False" />
                <line number="303" hits="2" branch="False" />
                <line number="304" hits="2" branch="False" />
                <line number="306" hits="2" branch="True" condition-coverage="100% (2/2)">
                  <conditions>
                    <condition number="95" type="jump" coverage="100%" />
                  </conditions>
                </line>
                <line number="307" hits="1" branch="False" />
                <line number="308" hits="1" branch="False" />
                <line number="309" hits="1" branch="False" />
                <line number="311" hits="1" branch="False" />
                <line number="312" hits="13" branch="True" condition-coverage="100% (2/2)">
                  <conditions>
                    <condition number="335" type="jump" coverage="100%" />
                  </conditions>
                </line>
                <line number="313" hits="5" branch="False" />
                <line number="314" hits="5" branch="False" />
                <line number="315" hits="5" branch="False" />
                <line number="317" hits="1" branch="False" />
                <line number="318" hits="1" branch="False" />
                <line number="321" hits="1" branch="False" />
                <line number="322" hits="1" branch="False" />
                <line number="325" hits="0" branch="False" />
                <line number="326" hits="0" branch="False" />
                <line number="327" hits="0" branch="False" />
                <line number="328" hits="0" branch="False" />
                <line number="330" hits="2" branch="False" />
              </lines>
            </method>
          </methods>
          <lines>
            <line number="300" hits="2" branch="False" />
            <line number="302" hits="2" branch="False" />
            <line number="303" hits="2" branch="False" />
            <line number="304" hits="2" branch="False" />
            <line number="306" hits="2" branch="True" condition-coverage="100% (2/2)">
              <conditions>
                <condition number="95" type="jump" coverage="100%" />
              </conditions>
            </line>
            <line number="307" hits="1" branch="False" />
            <line number="308" hits="1" branch="False" />
            <line number="309" hits="1" branch="False" />
            <line number="311" hits="1" branch="False" />
            <line number="312" hits="13" branch="True" condition-coverage="100% (2/2)">
              <conditions>
                <condition number="335" type="jump" coverage="100%" />
              </conditions>
            </line>
            <line number="313" hits="5" branch="False" />
            <line number="314" hits="5" branch="False" />
            <line number="315" hits="5" branch="False" />
            <line number="317" hits="1" branch="False" />
            <line number="318" hits="1" branch="False" />
            <line number="321" hits="1" branch="False" />
            <line number="322" hits="1" branch="False" />
            <line number="325" hits="0" branch="False" />
            <line number="326" hits="0" branch="False" />
            <line number="327" hits="0" branch="False" />
            <line number="328" hits="0" branch="False" />
            <line number="330" hits="2" branch="False" />
          </lines>
        </class>
        <class name="TrafficDataBackEndAPI.BackEndApi.Controllers.TrafficDataController/&lt;DeleteTrafficDataTimeIntervalByMeasurementPointId&gt;d__21" filename="Controllers\TrafficDataController.cs" line-rate="0.8332999999999999" branch-rate="0.8332999999999999" complexity="6">
          <methods>
            <method name="MoveNext" signature="()" line-rate="0.8332999999999999" branch-rate="0.8332999999999999" complexity="6">
              <lines>
                <line number="334" hits="3" branch="False" />
                <line number="336" hits="3" branch="False" />
                <line number="337" hits="3" branch="False" />
                <line number="338" hits="3" branch="False" />
                <line number="340" hits="3" branch="True" condition-coverage="100% (2/2)">
                  <conditions>
                    <condition number="82" type="jump" coverage="100%" />
                  </conditions>
                </line>
                <line number="341" hits="2" branch="False" />
                <line number="343" hits="2" branch="False" />
                <line number="344" hits="2" branch="False" />
                <line number="345" hits="2" branch="False" />
                <line number="346" hits="1" branch="True" condition-coverage="50% (1/2)">
                  <conditions>
                    <condition number="272" type="jump" coverage="50%" />
                  </conditions>
                </line>
                <line number="347" hits="0" branch="False" />
                <line number="349" hits="1" branch="False" />
                <line number="350" hits="13" branch="True" condition-coverage="100% (2/2)">
                  <conditions>
                    <condition number="403" type="jump" coverage="100%" />
                  </conditions>
                </line>
                <line number="351" hits="5" branch="False" />
                <line number="352" hits="5" branch="False" />
                <line number="353" hits="5" branch="False" />
                <line number="355" hits="1" branch="False" />
                <line number="356" hits="1" branch="False" />
                <line number="358" hits="1" branch="False" />
                <line number="359" hits="1" branch="False" />
                <line number="360" hits="1" branch="False" />
                <line number="361" hits="1" branch="False" />
                <line number="362" hits="1" branch="False" />
                <line number="366" hits="1" branch="False" />
                <line number="367" hits="1" branch="False" />
                <line number="370" hits="0" branch="False" />
                <line number="371" hits="0" branch="False" />
                <line number="372" hits="0" branch="False" />
                <line number="373" hits="0" branch="False" />
                <line number="375" hits="3" branch="False" />
              </lines>
            </method>
          </methods>
          <lines>
            <line number="334" hits="3" branch="False" />
            <line number="336" hits="3" branch="False" />
            <line number="337" hits="3" branch="False" />
            <line number="338" hits="3" branch="False" />
            <line number="340" hits="3" branch="True" condition-coverage="100% (2/2)">
              <conditions>
                <condition number="82" type="jump" coverage="100%" />
              </conditions>
            </line>
            <line number="341" hits="2" branch="False" />
            <line number="343" hits="2" branch="False" />
            <line number="344" hits="2" branch="False" />
            <line number="345" hits="2" branch="False" />
            <line number="346" hits="1" branch="True" condition-coverage="50% (1/2)">
              <conditions>
                <condition number="272" type="jump" coverage="50%" />
              </conditions>
            </line>
            <line number="347" hits="0" branch="False" />
            <line number="349" hits="1" branch="False" />
            <line number="350" hits="13" branch="True" condition-coverage="100% (2/2)">
              <conditions>
                <condition number="403" type="jump" coverage="100%" />
              </conditions>
            </line>
            <line number="351" hits="5" branch="False" />
            <line number="352" hits="5" branch="False" />
            <line number="353" hits="5" branch="False" />
            <line number="355" hits="1" branch="False" />
            <line number="356" hits="1" branch="False" />
            <line number="358" hits="1" branch="False" />
            <line number="359" hits="1" branch="False" />
            <line number="360" hits="1" branch="False" />
            <line number="361" hits="1" branch="False" />
            <line number="362" hits="1" branch="False" />
            <line number="366" hits="1" branch="False" />
            <line number="367" hits="1" branch="False" />
            <line number="370" hits="0" branch="False" />
            <line number="371" hits="0" branch="False" />
            <line number="372" hits="0" branch="False" />
            <line number="373" hits="0" branch="False" />
            <line number="375" hits="3" branch="False" />
          </lines>
        </class>
      </classes>
    </package>
  </packages>
</coverage>